<?xml version="1.0" encoding="utf-8"?><testsuites name="pytest tests"><testsuite name="pytest" errors="0" failures="0" skipped="0" tests="8" time="4.979" timestamp="2026-05-16T13:10:22.392771+00:00" hostname="agent-env-5ddfc72a-a26f-4a16-987e-fe58dc9b3b59"><testcase classname="backend.tests.test_auction" name="test_get_settings_default_budget" time="0.556" /><testcase classname="backend.tests.test_auction" name="test_update_settings" time="0.342" /><testcase classname="backend.tests.test_auction" name="test_owner_crud_and_budget_fields" time="0.519" /><testcase classname="backend.tests.test_auction" name="test_player_crud_and_set_current" time="0.830" /><testcase classname="backend.tests.test_auction" name="test_sell_flow_and_validations" time="1.298" /><testcase classname="backend.tests.test_auction" name="test_auction_reset" time="0.961" /><testcase classname="backend.tests.test_auction" name="test_bulk_import" time="0.207" /><testcase classname="backend.tests.test_auction" name="test_stats" time="0.103" /></testsuite></testsuites>